[0.213s] Invoking command in '/home/sto-technology/pro/ros2_pro/town_ws/build/village_interface': CMAKE_PREFIX_PATH=/opt/ros/foxy /usr/bin/cmake --build /home/sto-technology/pro/ros2_pro/town_ws/build/village_interface -- -j8 -l8
[0.435s] -- Found ament_cmake: 0.9.9 (/opt/ros/foxy/share/ament_cmake/cmake)
[0.435s] -- Using PYTHON_EXECUTABLE: /usr/bin/python3
[0.435s] -- Override CMake install command with custom implementation using symlinks instead of copying resources
[0.435s] -- Found sensor_msgs: 2.0.4 (/opt/ros/foxy/share/sensor_msgs/cmake)
[0.451s] -- Using all available rosidl_typesupport_c: rosidl_typesupport_fastrtps_c;rosidl_typesupport_introspection_c
[0.456s] -- Found rosidl_adapter: 1.2.1 (/opt/ros/foxy/share/rosidl_adapter/cmake)
[0.550s] -- Using all available rosidl_typesupport_cpp: rosidl_typesupport_fastrtps_cpp;rosidl_typesupport_introspection_cpp
[0.720s] -- Found rosidl_default_generators: 1.0.1 (/opt/ros/foxy/share/rosidl_default_generators/cmake)
[0.729s] -- Found ament_lint_auto: 0.9.6 (/opt/ros/foxy/share/ament_lint_auto/cmake)
[0.800s] -- Found PythonInterp: /usr/bin/python3 (found version "3.8.10") 
[0.973s] CMake Error at /opt/ros/foxy/share/rosidl_adapter/cmake/rosidl_adapt_interfaces.cmake:60 (message):
[0.973s]   execute_process(/usr/bin/python3 -m rosidl_adapter --package-name
[0.974s]   village_interface --arguments-file
[0.974s]   /home/sto-technology/pro/ros2_pro/town_ws/build/village_interface/rosidl_adapter__arguments__village_interface.json
[0.974s]   --output-dir
[0.974s]   /home/sto-technology/pro/ros2_pro/town_ws/build/village_interface/rosidl_adapter/village_interface
[0.974s]   --output-file
[0.974s]   /home/sto-technology/pro/ros2_pro/town_ws/build/village_interface/rosidl_adapter/village_interface.idls)
[0.974s]   returned error code 1:
[0.974s] 
[0.974s]   Traceback (most recent call last):
[0.975s] 
[0.975s]     File "/usr/lib/python3.8/runpy.py", line 194, in _run_module_as_main
[0.975s]       return _run_code(code, main_globals, None,
[0.975s]     File "/usr/lib/python3.8/runpy.py", line 87, in _run_code
[0.975s]       exec(code, run_globals)
[0.975s]     File "/opt/ros/foxy/lib/python3.8/site-packages/rosidl_adapter/__main__.py", line 19, in <module>
[0.975s]       sys.exit(main())
[0.975s]     File "/opt/ros/foxy/lib/python3.8/site-packages/rosidl_adapter/main.py", line 53, in main
[0.975s]       abs_idl_file = convert_to_idl(
[0.975s]     File "/opt/ros/foxy/lib/python3.8/site-packages/rosidl_adapter/__init__.py", line 24, in convert_to_idl
[0.975s]       return convert_srv_to_idl(
[0.976s]     File "/opt/ros/foxy/lib/python3.8/site-packages/rosidl_adapter/srv/__init__.py", line 28, in convert_srv_to_idl
[0.976s]       srv = parse_service_string(package_name, input_file.stem, content)
[0.976s]     File "/opt/ros/foxy/lib/python3.8/site-packages/rosidl_adapter/parser.py", line 852, in parse_service_string
[0.976s]       request_message = parse_message_string(
[0.976s]     File "/opt/ros/foxy/lib/python3.8/site-packages/rosidl_adapter/parser.py", line 540, in parse_message_string
[0.976s]       msg = MessageSpecification(pkg_name, msg_name, fields, constants)
[0.976s]     File "/opt/ros/foxy/lib/python3.8/site-packages/rosidl_adapter/parser.py", line 387, in __init__
[0.976s]       self.base_type = BaseType(
[0.976s]     File "/opt/ros/foxy/lib/python3.8/site-packages/rosidl_adapter/parser.py", line 204, in __init__
[0.976s]       raise InvalidResourceName(
[0.976s] 
[0.977s]   rosidl_adapter.parser.InvalidResourceName: 'buybooks_Request' is an invalid
[0.977s]   message name.  It should have the pattern '^[A-Z][A-Za-z0-9]*$'
[0.977s] 
[0.977s] Call Stack (most recent call first):
[0.977s]   /opt/ros/foxy/share/rosidl_cmake/cmake/rosidl_generate_interfaces.cmake:130 (rosidl_adapt_interfaces)
[0.977s]   CMakeLists.txt:51 (rosidl_generate_interfaces)
[0.977s] 
[0.977s] 
[0.977s] -- Configuring incomplete, errors occurred!
[0.977s] See also "/home/sto-technology/pro/ros2_pro/town_ws/build/village_interface/CMakeFiles/CMakeOutput.log".
[0.981s] make: *** [Makefile:988: cmake_check_build_system] Error 1
[0.982s] Invoked command in '/home/sto-technology/pro/ros2_pro/town_ws/build/village_interface' returned '2': CMAKE_PREFIX_PATH=/opt/ros/foxy /usr/bin/cmake --build /home/sto-technology/pro/ros2_pro/town_ws/build/village_interface -- -j8 -l8
